[ 2016-05-10T08:49:40+08:00 ] 127.0.0.1 /index.php/admin/goods/showlist?s_product_mark=1
INFO: [ app_init ] --START--
INFO: Run Behavior\BuildLiteBehavior [ RunTime:0.001000s ]
INFO: [ app_init ] --END-- [ RunTime:0.002000s ]
INFO: [ app_begin ] --START--
INFO: Run Behavior\ReadHtmlCacheBehavior [ RunTime:0.001000s ]
INFO: [ app_begin ] --END-- [ RunTime:0.002000s ]
SQL: SHOW COLUMNS FROM `sw_goods` [ RunTime:0.0040s ]
SQL: SELECT * FROM `sw_goods`  [ RunTime:0.0000s ]
NOTIC: [8] Undefined variable: good C:\wamp\www\shop\Admin\Controller\GoodsController.class.php 第 12 行.

[ 2016-05-10T08:49:42+08:00 ] 127.0.0.1 /index.php/admin/goods/showlist?s_product_mark=1
INFO: [ app_init ] --START--
INFO: Run Behavior\BuildLiteBehavior [ RunTime:0.000000s ]
INFO: [ app_init ] --END-- [ RunTime:0.000000s ]
INFO: [ app_begin ] --START--
INFO: Run Behavior\ReadHtmlCacheBehavior [ RunTime:0.001000s ]
INFO: [ app_begin ] --END-- [ RunTime:0.001000s ]
SQL: SHOW COLUMNS FROM `sw_goods` [ RunTime:0.0040s ]
SQL: SELECT * FROM `sw_goods`  [ RunTime:0.0010s ]
NOTIC: [8] Undefined variable: good C:\wamp\www\shop\Admin\Controller\GoodsController.class.php 第 12 行.

[ 2016-05-10T08:49:55+08:00 ] 127.0.0.1 /index.php/admin/goods/showlist?s_product_mark=1
INFO: [ app_init ] --START--
INFO: Run Behavior\BuildLiteBehavior [ RunTime:0.000000s ]
INFO: [ app_init ] --END-- [ RunTime:0.001000s ]
INFO: [ app_begin ] --START--
INFO: Run Behavior\ReadHtmlCacheBehavior [ RunTime:0.000000s ]
INFO: [ app_begin ] --END-- [ RunTime:0.001001s ]
SQL: SHOW COLUMNS FROM `sw_goods` [ RunTime:0.0040s ]
SQL: SELECT * FROM `sw_goods`  [ RunTime:0.0010s ]
NOTIC: [8] Undefined variable: good C:\wamp\www\shop\Admin\Controller\GoodsController.class.php 第 12 行.

[ 2016-05-10T08:50:04+08:00 ] 127.0.0.1 /index.php/admin/goods/showlist
INFO: [ app_init ] --START--
INFO: Run Behavior\BuildLiteBehavior [ RunTime:0.000000s ]
INFO: [ app_init ] --END-- [ RunTime:0.001000s ]
INFO: [ app_begin ] --START--
INFO: Run Behavior\ReadHtmlCacheBehavior [ RunTime:0.001000s ]
INFO: [ app_begin ] --END-- [ RunTime:0.001000s ]
SQL: SHOW COLUMNS FROM `sw_goods` [ RunTime:0.0040s ]
SQL: SELECT * FROM `sw_goods`  [ RunTime:0.0000s ]
NOTIC: [8] Undefined variable: good C:\wamp\www\shop\Admin\Controller\GoodsController.class.php 第 12 行.

[ 2016-05-10T08:50:07+08:00 ] 127.0.0.1 /index.php/admin/goods/showlist
INFO: [ app_init ] --START--
INFO: Run Behavior\BuildLiteBehavior [ RunTime:0.000000s ]
INFO: [ app_init ] --END-- [ RunTime:0.000000s ]
INFO: [ app_begin ] --START--
INFO: Run Behavior\ReadHtmlCacheBehavior [ RunTime:0.000000s ]
INFO: [ app_begin ] --END-- [ RunTime:0.000000s ]
SQL: SHOW COLUMNS FROM `sw_goods` [ RunTime:0.0040s ]
SQL: SELECT * FROM `sw_goods`  [ RunTime:0.0000s ]
NOTIC: [8] Undefined variable: good C:\wamp\www\shop\Admin\Controller\GoodsController.class.php 第 12 行.

[ 2016-05-10T08:50:44+08:00 ] 127.0.0.1 /index.php/admin/goods/showlist
INFO: [ app_init ] --START--
INFO: Run Behavior\BuildLiteBehavior [ RunTime:0.000000s ]
INFO: [ app_init ] --END-- [ RunTime:0.001000s ]
INFO: [ app_begin ] --START--
INFO: Run Behavior\ReadHtmlCacheBehavior [ RunTime:0.001000s ]
INFO: [ app_begin ] --END-- [ RunTime:0.001000s ]
SQL: SHOW COLUMNS FROM `sw_goods` [ RunTime:0.0040s ]
SQL: SELECT * FROM `sw_goods`  [ RunTime:0.0010s ]
INFO: [ view_parse ] --START--
INFO: Run Behavior\ParseTemplateBehavior [ RunTime:0.018001s ]
INFO: [ view_parse ] --END-- [ RunTime:0.018001s ]
INFO: [ view_filter ] --START--
INFO: Run Behavior\WriteHtmlCacheBehavior [ RunTime:0.001000s ]
INFO: [ view_filter ] --END-- [ RunTime:0.002000s ]
INFO: [ app_end ] --START--
INFO: Run Behavior\ShowPageTraceBehavior [ RunTime:0.002000s ]
INFO: [ app_end ] --END-- [ RunTime:0.002000s ]

[ 2016-05-10T09:17:00+08:00 ] 127.0.0.1 /index.php/admin/goods/add
INFO: [ app_init ] --START--
INFO: Run Behavior\BuildLiteBehavior [ RunTime:0.000000s ]
INFO: [ app_init ] --END-- [ RunTime:0.001000s ]
INFO: [ app_begin ] --START--
INFO: Run Behavior\ReadHtmlCacheBehavior [ RunTime:0.001000s ]
INFO: [ app_begin ] --END-- [ RunTime:0.002000s ]

[ 2016-05-10T09:18:30+08:00 ] 127.0.0.1 /index.php/admin/goods/add
INFO: [ app_init ] --START--
INFO: Run Behavior\BuildLiteBehavior [ RunTime:0.000000s ]
INFO: [ app_init ] --END-- [ RunTime:0.000000s ]
INFO: [ app_begin ] --START--
INFO: Run Behavior\ReadHtmlCacheBehavior [ RunTime:0.001000s ]
INFO: [ app_begin ] --END-- [ RunTime:0.001000s ]

[ 2016-05-10T09:18:46+08:00 ] 127.0.0.1 /index.php/admin/goods/add
INFO: [ app_init ] --START--
INFO: Run Behavior\BuildLiteBehavior [ RunTime:0.000000s ]
INFO: [ app_init ] --END-- [ RunTime:0.001000s ]
INFO: [ app_begin ] --START--
INFO: Run Behavior\ReadHtmlCacheBehavior [ RunTime:0.001000s ]
INFO: [ app_begin ] --END-- [ RunTime:0.001000s ]

[ 2016-05-10T09:18:59+08:00 ] 127.0.0.1 /index.php/admin/goods/add
INFO: [ app_init ] --START--
INFO: Run Behavior\BuildLiteBehavior [ RunTime:0.000000s ]
INFO: [ app_init ] --END-- [ RunTime:0.000000s ]
INFO: [ app_begin ] --START--
INFO: Run Behavior\ReadHtmlCacheBehavior [ RunTime:0.001000s ]
INFO: [ app_begin ] --END-- [ RunTime:0.002000s ]

[ 2016-05-10T09:19:01+08:00 ] 127.0.0.1 /index.php/admin/goods/add
INFO: [ app_init ] --START--
INFO: Run Behavior\BuildLiteBehavior [ RunTime:0.000000s ]
INFO: [ app_init ] --END-- [ RunTime:0.001000s ]
INFO: [ app_begin ] --START--
INFO: Run Behavior\ReadHtmlCacheBehavior [ RunTime:0.001000s ]
INFO: [ app_begin ] --END-- [ RunTime:0.001000s ]

[ 2016-05-10T09:19:01+08:00 ] 127.0.0.1 /index.php/admin/goods/add
INFO: [ app_init ] --START--
INFO: Run Behavior\BuildLiteBehavior [ RunTime:0.000000s ]
INFO: [ app_init ] --END-- [ RunTime:0.000000s ]
INFO: [ app_begin ] --START--
INFO: Run Behavior\ReadHtmlCacheBehavior [ RunTime:0.000000s ]
INFO: [ app_begin ] --END-- [ RunTime:0.001000s ]

[ 2016-05-10T09:19:02+08:00 ] 127.0.0.1 /index.php/admin/goods/add
INFO: [ app_init ] --START--
INFO: Run Behavior\BuildLiteBehavior [ RunTime:0.000000s ]
INFO: [ app_init ] --END-- [ RunTime:0.000000s ]
INFO: [ app_begin ] --START--
INFO: Run Behavior\ReadHtmlCacheBehavior [ RunTime:0.001000s ]
INFO: [ app_begin ] --END-- [ RunTime:0.001000s ]

[ 2016-05-10T09:19:02+08:00 ] 127.0.0.1 /index.php/admin/goods/add
INFO: [ app_init ] --START--
INFO: Run Behavior\BuildLiteBehavior [ RunTime:0.000000s ]
INFO: [ app_init ] --END-- [ RunTime:0.001000s ]
INFO: [ app_begin ] --START--
INFO: Run Behavior\ReadHtmlCacheBehavior [ RunTime:0.002000s ]
INFO: [ app_begin ] --END-- [ RunTime:0.002000s ]

[ 2016-05-10T09:19:02+08:00 ] 127.0.0.1 /index.php/admin/goods/add
INFO: [ app_init ] --START--
INFO: Run Behavior\BuildLiteBehavior [ RunTime:0.000000s ]
INFO: [ app_init ] --END-- [ RunTime:0.001000s ]
INFO: [ app_begin ] --START--
INFO: Run Behavior\ReadHtmlCacheBehavior [ RunTime:0.001000s ]
INFO: [ app_begin ] --END-- [ RunTime:0.001000s ]

[ 2016-05-10T09:19:02+08:00 ] 127.0.0.1 /index.php/admin/goods/add
INFO: [ app_init ] --START--
INFO: Run Behavior\BuildLiteBehavior [ RunTime:0.000000s ]
INFO: [ app_init ] --END-- [ RunTime:0.001000s ]
INFO: [ app_begin ] --START--
INFO: Run Behavior\ReadHtmlCacheBehavior [ RunTime:0.001000s ]
INFO: [ app_begin ] --END-- [ RunTime:0.001000s ]

[ 2016-05-10T09:19:19+08:00 ] 127.0.0.1 /index.php/admin/goods/add
INFO: [ app_init ] --START--
INFO: Run Behavior\BuildLiteBehavior [ RunTime:0.000000s ]
INFO: [ app_init ] --END-- [ RunTime:0.001000s ]
INFO: [ app_begin ] --START--
INFO: Run Behavior\ReadHtmlCacheBehavior [ RunTime:0.001000s ]
INFO: [ app_begin ] --END-- [ RunTime:0.001000s ]
INFO: [ view_parse ] --START--
NOTIC: [8] Undefined index: s_category_info C:\wamp\www\shop\Runtime\Cache\ce3528d633f9315784af4d44b05056e98809decf.file.add.html.php 第 64 行.
NOTIC: [8] Trying to get property of non-object C:\wamp\www\shop\Runtime\Cache\ce3528d633f9315784af4d44b05056e98809decf.file.add.html.php 第 64 行.
NOTIC: [8] Undefined index: s_brand_info C:\wamp\www\shop\Runtime\Cache\ce3528d633f9315784af4d44b05056e98809decf.file.add.html.php 第 83 行.
NOTIC: [8] Trying to get property of non-object C:\wamp\www\shop\Runtime\Cache\ce3528d633f9315784af4d44b05056e98809decf.file.add.html.php 第 83 行.
INFO: Run Behavior\ParseTemplateBehavior [ RunTime:0.016001s ]
INFO: [ view_parse ] --END-- [ RunTime:0.016001s ]
INFO: [ view_filter ] --START--
INFO: Run Behavior\WriteHtmlCacheBehavior [ RunTime:0.001000s ]
INFO: [ view_filter ] --END-- [ RunTime:0.001000s ]
INFO: [ app_end ] --START--
INFO: Run Behavior\ShowPageTraceBehavior [ RunTime:0.001000s ]
INFO: [ app_end ] --END-- [ RunTime:0.001000s ]

[ 2016-05-10T09:28:56+08:00 ] 127.0.0.1 /index.php/admin/goods/add
INFO: [ app_init ] --START--
INFO: Run Behavior\BuildLiteBehavior [ RunTime:0.000000s ]
INFO: [ app_init ] --END-- [ RunTime:0.001000s ]
INFO: [ app_begin ] --START--
INFO: Run Behavior\ReadHtmlCacheBehavior [ RunTime:0.002000s ]
INFO: [ app_begin ] --END-- [ RunTime:0.002000s ]
SQL: SHOW COLUMNS FROM `sw_goods` [ RunTime:0.0040s ]
SQL: INSERT INTO `sw_goods` (`goods_name`,`goods_price`,`goods_number`) VALUES ('iPhone 5S','4999','20') [ RunTime:0.0370s ]
INFO: [ view_parse ] --START--
NOTIC: [8] Undefined index: s_category_info C:\wamp\www\shop\Runtime\Cache\ce3528d633f9315784af4d44b05056e98809decf.file.add.html.php 第 64 行.
NOTIC: [8] Trying to get property of non-object C:\wamp\www\shop\Runtime\Cache\ce3528d633f9315784af4d44b05056e98809decf.file.add.html.php 第 64 行.
NOTIC: [8] Undefined index: s_brand_info C:\wamp\www\shop\Runtime\Cache\ce3528d633f9315784af4d44b05056e98809decf.file.add.html.php 第 83 行.
NOTIC: [8] Trying to get property of non-object C:\wamp\www\shop\Runtime\Cache\ce3528d633f9315784af4d44b05056e98809decf.file.add.html.php 第 83 行.
INFO: Run Behavior\ParseTemplateBehavior [ RunTime:0.016001s ]
INFO: [ view_parse ] --END-- [ RunTime:0.016001s ]
INFO: [ view_filter ] --START--
INFO: Run Behavior\WriteHtmlCacheBehavior [ RunTime:0.000000s ]
INFO: [ view_filter ] --END-- [ RunTime:0.001000s ]
INFO: [ app_end ] --START--
INFO: Run Behavior\ShowPageTraceBehavior [ RunTime:0.000000s ]
INFO: [ app_end ] --END-- [ RunTime:0.001000s ]

[ 2016-05-10T09:58:58+08:00 ] 127.0.0.1 /index.php/admin/goods/
ERR: 非法操作:index

[ 2016-05-10T09:59:06+08:00 ] 127.0.0.1 /index.php/admin/__CONTROLLER__/head
ERR: 无法加载控制器:__CONTROLLER__

[ 2016-05-10T09:59:06+08:00 ] 127.0.0.1 /index.php/admin/__CONTROLLER__/left
ERR: 无法加载控制器:__CONTROLLER__

[ 2016-05-10T09:59:06+08:00 ] 127.0.0.1 /index.php/admin/__CONTROLLER__/right
ERR: 无法加载控制器:__CONTROLLER__

[ 2016-05-10T09:59:14+08:00 ] 127.0.0.1 /index.php/admin/__CONTROLLER__/left
ERR: 无法加载控制器:__CONTROLLER__

[ 2016-05-10T09:59:14+08:00 ] 127.0.0.1 /index.php/admin/__CONTROLLER__/head
ERR: 无法加载控制器:__CONTROLLER__

[ 2016-05-10T09:59:14+08:00 ] 127.0.0.1 /index.php/admin/__CONTROLLER__/right
ERR: 无法加载控制器:__CONTROLLER__

[ 2016-05-10T10:03:22+08:00 ] 127.0.0.1 /index.php/Admin/Index/admin.css
ERR: 非法操作:admin.css

[ 2016-05-10T10:03:22+08:00 ] 127.0.0.1 /index.php/Admin/Index/css/admin.css
ERR: 非法操作:css

[ 2016-05-10T10:03:28+08:00 ] 127.0.0.1 /index.php/Admin/Index/admin.css
ERR: 非法操作:admin.css

[ 2016-05-10T10:03:28+08:00 ] 127.0.0.1 /index.php/Admin/Index/css/admin.css
ERR: 非法操作:css

[ 2016-05-10T10:04:23+08:00 ] 127.0.0.1 /index.php/Admin/Index/css/admin.css
ERR: 非法操作:css

[ 2016-05-10T10:04:23+08:00 ] 127.0.0.1 /index.php/Admin/Index/admin.css
ERR: 非法操作:admin.css

[ 2016-05-10T10:06:18+08:00 ] 127.0.0.1 /index.php/Admin/Index/css/admin.css
ERR: 非法操作:css

[ 2016-05-10T10:06:18+08:00 ] 127.0.0.1 /index.php/Admin/Index/admin.css
ERR: 非法操作:admin.css

[ 2016-05-10T10:07:09+08:00 ] 127.0.0.1 /index.php/Admin/Index/admin.css
ERR: 非法操作:admin.css

[ 2016-05-10T10:07:09+08:00 ] 127.0.0.1 /index.php/Admin/Index/css/admin.css
ERR: 非法操作:css

[ 2016-05-10T10:07:11+08:00 ] 127.0.0.1 /index.php/Admin/Index/css/admin.css
ERR: 非法操作:css

[ 2016-05-10T10:07:11+08:00 ] 127.0.0.1 /index.php/Admin/Index/admin.css
ERR: 非法操作:admin.css

[ 2016-05-10T10:07:15+08:00 ] 127.0.0.1 /index.php/Admin/Index/__MODULE__/product/showlist
ERR: 非法操作:__MODULE__

[ 2016-05-10T10:08:32+08:00 ] 127.0.0.1 /index.php/Admin/Index/admin.css
ERR: 非法操作:admin.css

[ 2016-05-10T10:08:32+08:00 ] 127.0.0.1 /index.php/Admin/Index/css/admin.css
ERR: 非法操作:css

[ 2016-05-10T10:08:34+08:00 ] 127.0.0.1 /index.php/Admin/Index/__MODULE__/product/showlist
ERR: 非法操作:__MODULE__

[ 2016-05-10T10:08:37+08:00 ] 127.0.0.1 /index.php/Admin/Index/admin.css
ERR: 非法操作:admin.css

[ 2016-05-10T10:08:37+08:00 ] 127.0.0.1 /index.php/Admin/Index/css/admin.css
ERR: 非法操作:css

[ 2016-05-10T10:08:43+08:00 ] 127.0.0.1 /index.php/Admin/Index/__MODULE__/product/showlist
ERR: 非法操作:__MODULE__

[ 2016-05-10T10:10:26+08:00 ] 127.0.0.1 /index.php/Admin/Index/css/admin.css
ERR: 非法操作:css

[ 2016-05-10T10:10:29+08:00 ] 127.0.0.1 /index.php/Admin/product/showlist
ERR: 无法加载控制器:Product

[ 2016-05-10T10:10:31+08:00 ] 127.0.0.1 /index.php/Admin/product/showlist
ERR: 无法加载控制器:Product

[ 2016-05-10T10:11:38+08:00 ] 127.0.0.1 /index.php/Admin/Index/css/admin.css
ERR: 非法操作:css

[ 2016-05-10T10:11:41+08:00 ] 127.0.0.1 /index.php/Admin/product/showlist
ERR: 无法加载控制器:Product

[ 2016-05-10T10:11:43+08:00 ] 127.0.0.1 /index.php/Admin/Index/css/admin.css
ERR: 非法操作:css

[ 2016-05-10T10:12:27+08:00 ] 127.0.0.1 /index.php/Admin/Index/css/admin.css
ERR: 非法操作:css

[ 2016-05-10T10:12:30+08:00 ] 127.0.0.1 /index.php/Admin/product/showlist
ERR: 无法加载控制器:Product

[ 2016-05-10T10:12:31+08:00 ] 127.0.0.1 /index.php/Admin/product/showlist
ERR: 无法加载控制器:Product

[ 2016-05-10T10:12:39+08:00 ] 127.0.0.1 /index.php/Admin/product/showlist
ERR: 无法加载控制器:Product

[ 2016-05-10T10:14:07+08:00 ] 127.0.0.1 /index.php/Admin/product/showlist
ERR: 无法加载控制器:Product

[ 2016-05-10T13:44:16+08:00 ] 127.0.0.1 /index.php/Admin/goods/admin.php?c=goods&a=add
ERR: 非法操作:admin.php

